app/build/intermediates/manifest_merge_blame_file/release/manifest-merger-blame-release-report.txt
1<?xml version="1.0" encoding="utf-8"?>
2<manifest xmlns:android="http://schemas.android.com/apk/res/android"
3    package="com.example.maalarm.finalalarm"
4    android:versionCode="1"
5    android:versionName="1.0" >
6
7    <uses-sdk
8        android:minSdkVersion="14"
8-->src\main\AndroidManifest.xml
9        android:targetSdkVersion="27" />
9-->src\main\AndroidManifest.xml
10
11    <uses-permission android:name="android.permission.INTERNET" />
11-->src\main\AndroidManifest.xml:5:5-67
11-->src\main\AndroidManifest.xml:5:22-64
12    <uses-permission android:name="android.permission.ACCESS_NETWORK_STATE" />
12-->src\main\AndroidManifest.xml:6:5-79
12-->src\main\AndroidManifest.xml:6:22-76
13    <uses-permission android:name="android.permission.ACCESS_WIFI_STATE" />
13-->src\main\AndroidManifest.xml:7:5-75
13-->src\main\AndroidManifest.xml:7:22-73
14
15    <application
15-->src\main\AndroidManifest.xml:9:5-37:19
16        android:allowBackup="true"
16-->src\main\AndroidManifest.xml:10:9-35
17        android:icon="@mipmap/ic_launcher"
17-->src\main\AndroidManifest.xml:11:9-43
18        android:label="@string/app_name"
18-->src\main\AndroidManifest.xml:12:9-41
19        android:supportsRtl="true"
19-->src\main\AndroidManifest.xml:13:9-35
20        android:theme="@style/AppTheme" >
20-->src\main\AndroidManifest.xml:14:9-40
21        <activity
21-->src\main\AndroidManifest.xml:15:9-24:20
22            android:name="com.example.maalarm.finalalarm.MainActivity"
22-->src\main\AndroidManifest.xml:16:13-41
23            android:label="@string/app_name"
23-->src\main\AndroidManifest.xml:17:13-45
24            android:theme="@style/AppTheme.NoActionBar" >
24-->src\main\AndroidManifest.xml:18:13-56
25            <intent-filter>
25-->src\main\AndroidManifest.xml:19:13-23:29
26                <action android:name="android.intent.action.MAIN" />
26-->src\main\AndroidManifest.xml:20:17-69
26-->src\main\AndroidManifest.xml:20:25-66
27
28                <category android:name="android.intent.category.LAUNCHER" />
28-->src\main\AndroidManifest.xml:22:17-77
28-->src\main\AndroidManifest.xml:22:27-74
29            </intent-filter>
30        </activity>
31
32        <receiver android:name="com.example.maalarm.finalalarm.Alarm_Receiver" />
32-->src\main\AndroidManifest.xml:26:9-52
32-->src\main\AndroidManifest.xml:26:19-49
33
34        <service
34-->src\main\AndroidManifest.xml:28:9-30:19
35            android:name="com.example.maalarm.finalalarm.RingtonePlayingService"
35-->src\main\AndroidManifest.xml:28:18-56
36            android:enabled="true" >
36-->src\main\AndroidManifest.xml:29:13-35
37        </service>
38
39        <activity
39-->src\main\AndroidManifest.xml:32:9-35:15
40            android:name="com.example.maalarm.finalalarm.Pop"
40-->src\main\AndroidManifest.xml:33:13-32
41            android:theme="@style/AppTheme.CustomTheme" />
41-->src\main\AndroidManifest.xml:34:13-56
42    </application>
43
44</manifest>